<?xml version="1.0" encoding="UTF-8"?>
<!-- Generated by org.testng.reporters.JUnitReportReporter -->
<testsuite skipped="0" hostname="LAPTOP-HHN7D2TC" name="com.ebanking.master.Exepom" tests="3" failures="0" timestamp="2020-04-27T08:52:55 IST" time="4.518" errors="0">
  <testcase name="Rolec" time="1.348" classname="com.ebanking.master.Exepom"/>
  <testcase name="Rolec" time="1.271" classname="com.ebanking.master.Exepom"/>
  <testcase name="Rolec" time="1.899" classname="com.ebanking.master.Exepom"/>
</testsuite> <!-- com.ebanking.master.Exepom -->
