<?xml version="1.0" encoding="UTF-8"?>
<!-- Generated by org.testng.reporters.JUnitReportReporter -->
<testsuite skipped="0" hostname="LAPTOP-HHN7D2TC" name="com.ebanking.master.Excelwithpom" tests="1" failures="0" timestamp="2020-04-27T08:59:00 IST" time="10.438" errors="0">
  <testcase name="Rolec" time="10.438" classname="com.ebanking.master.Excelwithpom"/>
</testsuite> <!-- com.ebanking.master.Excelwithpom -->
