<?xml version="1.0" encoding="UTF-8"?>
<!-- Generated by org.testng.reporters.JUnitReportReporter -->
<testsuite skipped="0" hostname="LAPTOP-HHN7D2TC" name="com.ebanking.master.Rolecreation" tests="3" failures="0" timestamp="2020-04-23T08:57:57 IST" time="27.996" errors="0">
  <testcase name="Rcre" time="9.224" classname="com.ebanking.master.Rolecreation"/>
  <testcase name="Rcre" time="9.581" classname="com.ebanking.master.Rolecreation"/>
  <testcase name="Rcre" time="9.191" classname="com.ebanking.master.Rolecreation"/>
</testsuite> <!-- com.ebanking.master.Rolecreation -->
