<?xml version="1.0" encoding="UTF-8"?>
<!-- Generated by org.testng.reporters.JUnitReportReporter -->
<testsuite skipped="0" hostname="LAPTOP-HHN7D2TC" name="com.ebanking.master.Branchcre" tests="1" failures="0" timestamp="2020-04-23T08:57:57 IST" time="6.287" errors="0">
  <testcase name="bcre" time="6.287" classname="com.ebanking.master.Branchcre"/>
</testsuite> <!-- com.ebanking.master.Branchcre -->
