<?xml version="1.0" encoding="UTF-8"?>
<!-- Generated by org.testng.reporters.JUnitReportReporter -->
<testsuite skipped="0" hostname="LAPTOP-HHN7D2TC" name="com.ebanking.master.Grid" tests="1" failures="0" timestamp="2020-05-05T09:44:26 IST" time="92.605" errors="0">
  <testcase name="Gd" time="92.605" classname="com.ebanking.master.Grid"/>
</testsuite> <!-- com.ebanking.master.Grid -->
