<?xml version="1.0" encoding="UTF-8"?>
<!-- Generated by org.testng.reporters.JUnitReportReporter -->
<testsuite skipped="0" hostname="LAPTOP-HHN7D2TC" name="com.ebanking.master.Sample" tests="2" failures="0" timestamp="2020-04-20T09:23:00 IST" time="0.030" errors="0">
  <testcase name="bcd" time="0.019" classname="com.ebanking.master.Sample"/>
  <testcase name="abc" time="0.011" classname="com.ebanking.master.Sample"/>
</testsuite> <!-- com.ebanking.master.Sample -->
